{
  "stats": {
    "suites": 3,
    "tests": 3,
    "passes": 3,
    "pending": 0,
    "failures": 0,
    "start": "2026-03-22T11:26:23.072Z",
    "end": "2026-03-22T11:26:25.172Z",
    "duration": 2100,
    "testsRegistered": 3,
    "passPercent": 100,
    "pendingPercent": 0,
    "other": 0,
    "hasOther": false,
    "skipped": 0,
    "hasSkipped": false
  },
  "results": [
    {
      "uuid": "0093b98d-27e7-4932-b088-73da3bbdc628",
      "title": "",
      "fullFile": "cypress/e2e/habriielian_tests.cy.js",
      "file": "cypress/e2e/habriielian_tests.cy.js",
      "beforeHooks": [],
      "afterHooks": [],
      "tests": [],
      "suites": [
        {
          "uuid": "38ed1528-f0cf-4ef0-bdc9-3e295f0d3028",
          "title": "My first test",
          "fullFile": "",
          "file": "",
          "beforeHooks": [],
          "afterHooks": [],
          "tests": [
            {
              "title": "Visits example.com and checks the title",
              "fullTitle": "My first test Visits example.com and checks the title",
              "timedOut": null,
              "duration": 323,
              "state": "passed",
              "speed": "fast",
              "pass": true,
              "fail": false,
              "pending": false,
              "context": null,
              "code": "cy.visit('https://example.cypress.io');\ncy.contains('Kitchen Sink').should('be.visible');",
              "err": {},
              "uuid": "564efa0c-e924-41ba-9f2b-3e5cebcf0bbd",
              "parentUUID": "38ed1528-f0cf-4ef0-bdc9-3e295f0d3028",
              "isHook": false,
              "skipped": false
            }
          ],
          "suites": [],
          "passes": [
            "564efa0c-e924-41ba-9f2b-3e5cebcf0bbd"
          ],
          "failures": [],
          "pending": [],
          "skipped": [],
          "duration": 323,
          "root": false,
          "rootEmpty": false,
          "_timeout": 2000
        },
        {
          "uuid": "c302047c-d89e-47e1-96e0-d83b30a791f6",
          "title": "Click test",
          "fullFile": "",
          "file": "",
          "beforeHooks": [],
          "afterHooks": [],
          "tests": [
            {
              "title": "Clicks on Utilities link",
              "fullTitle": "Click test Clicks on Utilities link",
              "timedOut": null,
              "duration": 311,
              "state": "passed",
              "speed": "fast",
              "pass": true,
              "fail": false,
              "pending": false,
              "context": null,
              "code": "cy.visit('https://example.cypress.io');\ncy.contains('Utilities').should('be.visible').click();\ncy.url().should('include', '/utilities');",
              "err": {},
              "uuid": "2da934ac-d0f5-42a1-9d22-d63ce3fc6f27",
              "parentUUID": "c302047c-d89e-47e1-96e0-d83b30a791f6",
              "isHook": false,
              "skipped": false
            }
          ],
          "suites": [],
          "passes": [
            "2da934ac-d0f5-42a1-9d22-d63ce3fc6f27"
          ],
          "failures": [],
          "pending": [],
          "skipped": [],
          "duration": 311,
          "root": false,
          "rootEmpty": false,
          "_timeout": 2000
        },
        {
          "uuid": "16877ba9-ee49-462e-8949-82642875266d",
          "title": "Input test",
          "fullFile": "",
          "file": "",
          "beforeHooks": [],
          "afterHooks": [],
          "tests": [
            {
              "title": "Types text into input",
              "fullTitle": "Input test Types text into input",
              "timedOut": null,
              "duration": 538,
              "state": "passed",
              "speed": "fast",
              "pass": true,
              "fail": false,
              "pending": false,
              "context": null,
              "code": "cy.visit('https://example.cypress.io/commands/actions');\ncy.get('.action-email').type('test@email.com').should('have.value', 'test@email.com');",
              "err": {},
              "uuid": "a59fcdf8-c6eb-4ca1-887c-4f51f0060bdb",
              "parentUUID": "16877ba9-ee49-462e-8949-82642875266d",
              "isHook": false,
              "skipped": false
            }
          ],
          "suites": [],
          "passes": [
            "a59fcdf8-c6eb-4ca1-887c-4f51f0060bdb"
          ],
          "failures": [],
          "pending": [],
          "skipped": [],
          "duration": 538,
          "root": false,
          "rootEmpty": false,
          "_timeout": 2000
        }
      ],
      "passes": [],
      "failures": [],
      "pending": [],
      "skipped": [],
      "duration": 0,
      "root": true,
      "rootEmpty": true,
      "_timeout": 2000
    }
  ],
  "meta": {
    "mocha": {
      "version": "7.2.0"
    },
    "mochawesome": {
      "options": {
        "quiet": false,
        "reportFilename": "mochawesome",
        "saveHtml": true,
        "saveJson": true,
        "consoleReporter": "spec",
        "useInlineDiffs": false,
        "code": true
      },
      "version": "7.1.4"
    },
    "marge": {
      "options": {
        "reportDir": "cypress/reports",
        "overwrite": false,
        "html": true,
        "json": true
      },
      "version": "6.3.2"
    }
  }
}