{
  "stats": {
    "suites": 1,
    "tests": 5,
    "passes": 5,
    "pending": 0,
    "failures": 0,
    "start": "2026-03-22T11:26:03.903Z",
    "end": "2026-03-22T11:26:10.293Z",
    "duration": 6390,
    "testsRegistered": 5,
    "passPercent": 100,
    "pendingPercent": 0,
    "other": 0,
    "hasOther": false,
    "skipped": 0,
    "hasSkipped": false
  },
  "results": [
    {
      "uuid": "c027ffa6-29a8-4590-843a-ebd7000aa661",
      "title": "",
      "fullFile": "cypress/e2e/habriielian_fields_validation.cy.js",
      "file": "cypress/e2e/habriielian_fields_validation.cy.js",
      "beforeHooks": [],
      "afterHooks": [],
      "tests": [],
      "suites": [
        {
          "uuid": "7f804214-5b42-4e3b-b1d4-007bcd88978b",
          "title": "Registration",
          "fullFile": "",
          "file": "",
          "beforeHooks": [],
          "afterHooks": [],
          "tests": [
            {
              "title": "should validate Name field",
              "fullTitle": "Registration should validate Name field",
              "timedOut": null,
              "duration": 1883,
              "state": "passed",
              "speed": "fast",
              "pass": true,
              "fail": false,
              "pending": false,
              "context": null,
              "code": "cy.get('#signupName').focus().blur();\ncy.contains('Name required').should('be.visible');\ncy.get('#signupName').type('123');\ncy.contains('Name is invalid').should('be.visible');\ncy.get('#signupName').clear().type('A');\ncy.contains('Name has to be from 2 to 20 characters long').should('be.visible');\ncy.get('#signupName').clear().type('A'.repeat(21));\ncy.contains('Name has to be from 2 to 20 characters long').should('be.visible');",
              "err": {},
              "uuid": "06344a60-b726-4421-94b6-a444d8989e47",
              "parentUUID": "7f804214-5b42-4e3b-b1d4-007bcd88978b",
              "isHook": false,
              "skipped": false
            },
            {
              "title": "should validate Last Name field",
              "fullTitle": "Registration should validate Last Name field",
              "timedOut": null,
              "duration": 1137,
              "state": "passed",
              "speed": "fast",
              "pass": true,
              "fail": false,
              "pending": false,
              "context": null,
              "code": "cy.get('#signupLastName').focus().blur();\ncy.contains('Last name required').should('be.visible');\ncy.get('#signupLastName').type('123');\ncy.contains('Last name is invalid').should('be.visible');\ncy.get('#signupLastName').clear().type('A');\ncy.contains('Last name has to be from 2 to 20 characters long').should('be.visible');\ncy.get('#signupLastName').clear().type('A'.repeat(21));\ncy.contains('Last name has to be from 2 to 20 characters long').should('be.visible');",
              "err": {},
              "uuid": "67fa3bfc-bc08-4816-bbe1-6748cb4a5752",
              "parentUUID": "7f804214-5b42-4e3b-b1d4-007bcd88978b",
              "isHook": false,
              "skipped": false
            },
            {
              "title": "should validate Email field",
              "fullTitle": "Registration should validate Email field",
              "timedOut": null,
              "duration": 563,
              "state": "passed",
              "speed": "fast",
              "pass": true,
              "fail": false,
              "pending": false,
              "context": null,
              "code": "cy.get('#signupEmail').focus().blur();\ncy.contains('Email required').should('be.visible');\ncy.get('#signupEmail').type('wrongEmail');\ncy.contains('Email is incorrect').should('be.visible');",
              "err": {},
              "uuid": "15c30689-8dac-426d-ad70-e43d268ebef4",
              "parentUUID": "7f804214-5b42-4e3b-b1d4-007bcd88978b",
              "isHook": false,
              "skipped": false
            },
            {
              "title": "should validate Password field",
              "fullTitle": "Registration should validate Password field",
              "timedOut": null,
              "duration": 1104,
              "state": "passed",
              "speed": "fast",
              "pass": true,
              "fail": false,
              "pending": false,
              "context": null,
              "code": "cy.get('#signupPassword').focus().blur();\ncy.contains('Password required').should('be.visible');\ncy.get('#signupPassword').type('Pass1', {\n  sensitive: true\n});\ncy.contains('Password has to be from 8 to 15 characters long and contain at least one integer, one capital, and one small letter').should('be.visible');\ncy.get('#signupPassword').clear().type('password123', {\n  sensitive: true\n});\ncy.contains('Password has to be from 8 to 15 characters long and contain at least one integer, one capital, and one small letter').should('be.visible');\ncy.get('#signupPassword').clear().type('Password', {\n  sensitive: true\n});\ncy.contains('Password has to be from 8 to 15 characters long and contain at least one integer, one capital, and one small letter').should('be.visible');",
              "err": {},
              "uuid": "d996eee5-e090-45e0-a387-f7a798168ea9",
              "parentUUID": "7f804214-5b42-4e3b-b1d4-007bcd88978b",
              "isHook": false,
              "skipped": false
            },
            {
              "title": "should validate Repeat Password field",
              "fullTitle": "Registration should validate Repeat Password field",
              "timedOut": null,
              "duration": 891,
              "state": "passed",
              "speed": "fast",
              "pass": true,
              "fail": false,
              "pending": false,
              "context": null,
              "code": "cy.get('#signupRepeatPassword').focus().blur();\ncy.contains('Re-enter password required').should('be.visible');\ncy.get('#signupPassword').type('Password123', {\n  sensitive: true\n});\ncy.get('#signupRepeatPassword').type('Password321', {\n  sensitive: true\n});\ncy.contains('Passwords do not match').should('be.visible');",
              "err": {},
              "uuid": "6156e300-8f93-47e7-9eee-b778c9866db8",
              "parentUUID": "7f804214-5b42-4e3b-b1d4-007bcd88978b",
              "isHook": false,
              "skipped": false
            }
          ],
          "suites": [],
          "passes": [
            "06344a60-b726-4421-94b6-a444d8989e47",
            "67fa3bfc-bc08-4816-bbe1-6748cb4a5752",
            "15c30689-8dac-426d-ad70-e43d268ebef4",
            "d996eee5-e090-45e0-a387-f7a798168ea9",
            "6156e300-8f93-47e7-9eee-b778c9866db8"
          ],
          "failures": [],
          "pending": [],
          "skipped": [],
          "duration": 5578,
          "root": false,
          "rootEmpty": false,
          "_timeout": 2000
        }
      ],
      "passes": [],
      "failures": [],
      "pending": [],
      "skipped": [],
      "duration": 0,
      "root": true,
      "rootEmpty": true,
      "_timeout": 2000
    }
  ],
  "meta": {
    "mocha": {
      "version": "7.2.0"
    },
    "mochawesome": {
      "options": {
        "quiet": false,
        "reportFilename": "mochawesome",
        "saveHtml": true,
        "saveJson": true,
        "consoleReporter": "spec",
        "useInlineDiffs": false,
        "code": true
      },
      "version": "7.1.4"
    },
    "marge": {
      "options": {
        "reportDir": "cypress/reports",
        "overwrite": false,
        "html": true,
        "json": true
      },
      "version": "6.3.2"
    }
  }
}