{
  "stats": {
    "suites": 1,
    "tests": 2,
    "passes": 1,
    "pending": 0,
    "failures": 1,
    "start": "2026-03-22T11:26:13.617Z",
    "end": "2026-03-22T11:26:22.502Z",
    "duration": 8885,
    "testsRegistered": 2,
    "passPercent": 50,
    "pendingPercent": 0,
    "other": 0,
    "hasOther": false,
    "skipped": 0,
    "hasSkipped": false
  },
  "results": [
    {
      "uuid": "5993c61d-e560-4302-917e-b0874fc9616f",
      "title": "",
      "fullFile": "cypress/e2e/habriielian_signUp_positive_tests.cy.js",
      "file": "cypress/e2e/habriielian_signUp_positive_tests.cy.js",
      "beforeHooks": [],
      "afterHooks": [],
      "tests": [],
      "suites": [
        {
          "uuid": "3ecc7f3e-7f9d-418a-b3a5-98b3ad04a398",
          "title": "Registration",
          "fullFile": "",
          "file": "",
          "beforeHooks": [],
          "afterHooks": [],
          "tests": [
            {
              "title": "should register new user",
              "fullTitle": "Registration should register new user",
              "timedOut": null,
              "duration": 3072,
              "state": "passed",
              "speed": "fast",
              "pass": true,
              "fail": false,
              "pending": false,
              "context": null,
              "code": "userEmail = `test${Date.now()}@gmail.com`;\ncy.contains('Sign up').click();\ncy.get('#signupName').type('Test');\ncy.get('#signupLastName').type('User');\ncy.get('#signupEmail').type(userEmail);\ncy.get('#signupPassword').type(userPassword, {\n  sensitive: true\n});\ncy.get('#signupRepeatPassword').type(userPassword, {\n  sensitive: true\n});\ncy.contains('Register').click();\ncy.url().should('include', 'garage');",
              "err": {},
              "uuid": "5717a839-7b35-4d6b-b941-edc6e1a5c6a6",
              "parentUUID": "3ecc7f3e-7f9d-418a-b3a5-98b3ad04a398",
              "isHook": false,
              "skipped": false
            },
            {
              "title": "should login with created user",
              "fullTitle": "Registration should login with created user",
              "timedOut": null,
              "duration": 5259,
              "state": "failed",
              "speed": null,
              "pass": false,
              "fail": true,
              "pending": false,
              "context": null,
              "code": "cy.login(userEmail, userPassword);\ncy.url().should('include', 'garage');",
              "err": {
                "message": "CypressError: Timed out retrying after 4000ms: The command was expected to run against origin `https://qauto.forstudy.space` but the application is at origin `https://qauto2.forstudy.space`.\n\nThis commonly happens when you have either not navigated to the expected origin or have navigated away unexpectedly.\n\nUsing `cy.origin()` to wrap the commands run on `https://qauto2.forstudy.space` will likely fix this issue.\n\n`cy.origin('https://qauto2.forstudy.space', () => {`\n`  <commands targeting https://qauto2.forstudy.space go here>`\n`})`\n\nhttps://on.cypress.io/cy-visit-succeeded-but-commands-fail",
                "estack": "CypressError: Timed out retrying after 4000ms: The command was expected to run against origin `https://qauto.forstudy.space` but the application is at origin `https://qauto2.forstudy.space`.\n\nThis commonly happens when you have either not navigated to the expected origin or have navigated away unexpectedly.\n\nUsing `cy.origin()` to wrap the commands run on `https://qauto2.forstudy.space` will likely fix this issue.\n\n`cy.origin('https://qauto2.forstudy.space', () => {`\n`  <commands targeting https://qauto2.forstudy.space go here>`\n`})`\n\nhttps://on.cypress.io/cy-visit-succeeded-but-commands-fail\n    at cypressErr (https://qauto.forstudy.space/__cypress/runner/cypress_runner.js:77648:18)\n    at Object.errByPath (https://qauto.forstudy.space/__cypress/runner/cypress_runner.js:77702:10)\n    at Object.commandCanCommunicateWithAUT (https://qauto.forstudy.space/__cypress/runner/cypress_runner.js:148624:90)\n    at <unknown> (https://qauto.forstudy.space/__cypress/runner/cypress_runner.js:135561:22)\n    at HTMLBodyElement.<anonymous> (https://qauto.forstudy.space/__cypress/runner/cypress_runner.js:135700:23)\n    at Function.each (https://qauto.forstudy.space/__cypress/runner/cypress_runner.js:7178:19)\n    at jQuery.fn.init.each (https://qauto.forstudy.space/__cypress/runner/cypress_runner.js:7000:17)\n    at <unknown> (https://qauto.forstudy.space/__cypress/runner/cypress_runner.js:135698:15)\n    at Object.subjectFn (https://qauto.forstudy.space/__cypress/runner/cypress_runner.js:147466:16)\n    at $Cy.verifyUpcomingAssertions (https://qauto.forstudy.space/__cypress/runner/cypress_runner.js:146788:31)\n    at onRetry (https://qauto.forstudy.space/__cypress/runner/cypress_runner.js:147457:15)\n    at tryCatcher (https://qauto.forstudy.space/__cypress/runner/cypress_runner.js:1777:23)\n    at Promise.attempt.Promise.try (https://qauto.forstudy.space/__cypress/runner/cypress_runner.js:4285:29)\n    at whenStable (https://qauto.forstudy.space/__cypress/runner/cypress_runner.js:147344:68)\n    at <unknown> (https://qauto.forstudy.space/__cypress/runner/cypress_runner.js:147285:14)\n    at tryCatcher (https://qauto.forstudy.space/__cypress/runner/cypress_runner.js:1777:23)\n    at Promise._settlePromiseFromHandler (https://qauto.forstudy.space/__cypress/runner/cypress_runner.js:1489:31)\n    at Promise._settlePromise (https://qauto.forstudy.space/__cypress/runner/cypress_runner.js:1546:18)\n    at Promise._settlePromise0 (https://qauto.forstudy.space/__cypress/runner/cypress_runner.js:1591:10)\n    at Promise._settlePromises (https://qauto.forstudy.space/__cypress/runner/cypress_runner.js:1671:18)\n    at Promise._fulfill (https://qauto.forstudy.space/__cypress/runner/cypress_runner.js:1615:18)\n    at <unknown> (https://qauto.forstudy.space/__cypress/runner/cypress_runner.js:5420:46)\nFrom Your Spec Code:\n    at Context.eval (webpack://cypress_javascript/./cypress/support/commands.js:9:5)\n    at wrapped (https://qauto.forstudy.space/__cypress/runner/cypress_runner.js:141663:43)",
                "diff": null
              },
              "uuid": "d69ce275-cae6-4518-bdee-7ade737106d2",
              "parentUUID": "3ecc7f3e-7f9d-418a-b3a5-98b3ad04a398",
              "isHook": false,
              "skipped": false
            }
          ],
          "suites": [],
          "passes": [
            "5717a839-7b35-4d6b-b941-edc6e1a5c6a6"
          ],
          "failures": [
            "d69ce275-cae6-4518-bdee-7ade737106d2"
          ],
          "pending": [],
          "skipped": [],
          "duration": 8331,
          "root": false,
          "rootEmpty": false,
          "_timeout": 2000
        }
      ],
      "passes": [],
      "failures": [],
      "pending": [],
      "skipped": [],
      "duration": 0,
      "root": true,
      "rootEmpty": true,
      "_timeout": 2000
    }
  ],
  "meta": {
    "mocha": {
      "version": "7.2.0"
    },
    "mochawesome": {
      "options": {
        "quiet": false,
        "reportFilename": "mochawesome",
        "saveHtml": true,
        "saveJson": true,
        "consoleReporter": "spec",
        "useInlineDiffs": false,
        "code": true
      },
      "version": "7.1.4"
    },
    "marge": {
      "options": {
        "reportDir": "cypress/reports",
        "overwrite": false,
        "html": true,
        "json": true
      },
      "version": "6.3.2"
    }
  }
}