{
  "stats": {
    "suites": 1,
    "tests": 1,
    "passes": 0,
    "pending": 0,
    "failures": 1,
    "start": "2026-03-21T20:23:36.433Z",
    "end": "2026-03-21T20:23:45.475Z",
    "duration": 9042,
    "testsRegistered": 1,
    "passPercent": 0,
    "pendingPercent": 0,
    "other": 0,
    "hasOther": false,
    "skipped": 0,
    "hasSkipped": false
  },
  "results": [
    {
      "uuid": "73942fcf-3660-48b0-9f81-15dc03e518da",
      "title": "",
      "fullFile": "cypress/e2e/garage-expenses.cy.js",
      "file": "cypress/e2e/garage-expenses.cy.js",
      "beforeHooks": [],
      "afterHooks": [],
      "tests": [],
      "suites": [
        {
          "uuid": "7e5256c3-2293-46a7-80b3-5d8ad8651cb9",
          "title": "Garage + Expenses flow",
          "fullFile": "",
          "file": "",
          "beforeHooks": [],
          "afterHooks": [],
          "tests": [
            {
              "title": "Add car and fuel expense",
              "fullTitle": "Garage + Expenses flow Add car and fuel expense",
              "timedOut": null,
              "duration": 9033,
              "state": "failed",
              "speed": null,
              "pass": false,
              "fail": true,
              "pending": false,
              "context": null,
              "code": "cy.login();\n// Add car\n_GaragePage.default.addCar(\"Audi\", \"A6\", \"150\");\n// Go to expenses\ncy.contains(\"Fuel expenses\").click();\n// Add expense\n_ExpensesPage.default.addExpense(\"200\", \"20\", \"500\");",
              "err": {
                "message": "CypressError: Timed out retrying after 4050ms: `cy.click()` failed because this element:\n\n`<a _ngcontent-nyi-c56=\"\" routerlink=\"/panel/expenses\" routerlinkactive=\"-active\" class=\"btn header-link\" href=\"/panel/expenses\">Fuel ex...</a>`\n\nis being covered by another element:\n\n`<ngb-modal-window role=\"dialog\" tabindex=\"-1\" aria-modal=\"true\" class=\"d-block modal fade show\">...</ngb-modal-window>`\n\nFix this problem, or use {force: true} to disable error checking.\n\nhttps://on.cypress.io/element-cannot-be-interacted-with",
                "estack": "CypressError: Timed out retrying after 4050ms: `cy.click()` failed because this element:\n\n`<a _ngcontent-nyi-c56=\"\" routerlink=\"/panel/expenses\" routerlinkactive=\"-active\" class=\"btn header-link\" href=\"/panel/expenses\">Fuel ex...</a>`\n\nis being covered by another element:\n\n`<ngb-modal-window role=\"dialog\" tabindex=\"-1\" aria-modal=\"true\" class=\"d-block modal fade show\">...</ngb-modal-window>`\n\nFix this problem, or use {force: true} to disable error checking.\n\nhttps://on.cypress.io/element-cannot-be-interacted-with\n    at ensureIsDescendent (https://qauto2.forstudy.space/__cypress/runner/cypress_runner.js:114504:68)\n    at ensureDescendents (https://qauto2.forstudy.space/__cypress/runner/cypress_runner.js:114555:5)\n    at ensureDescendentsAndScroll (https://qauto2.forstudy.space/__cypress/runner/cypress_runner.js:114561:14)\n    at ensureElIsNotCovered (https://qauto2.forstudy.space/__cypress/runner/cypress_runner.js:114692:5)\n    at runAllChecks (https://qauto2.forstudy.space/__cypress/runner/cypress_runner.js:114891:52)\n    at retryActionability (https://qauto2.forstudy.space/__cypress/runner/cypress_runner.js:114928:16)\n    at tryCatcher (https://qauto2.forstudy.space/__cypress/runner/cypress_runner.js:1777:23)\n    at Promise.attempt.Promise.try (https://qauto2.forstudy.space/__cypress/runner/cypress_runner.js:4285:29)\n    at whenStable (https://qauto2.forstudy.space/__cypress/runner/cypress_runner.js:147344:68)\n    at <unknown> (https://qauto2.forstudy.space/__cypress/runner/cypress_runner.js:147285:14)\n    at tryCatcher (https://qauto2.forstudy.space/__cypress/runner/cypress_runner.js:1777:23)\n    at Promise._settlePromiseFromHandler (https://qauto2.forstudy.space/__cypress/runner/cypress_runner.js:1489:31)\n    at Promise._settlePromise (https://qauto2.forstudy.space/__cypress/runner/cypress_runner.js:1546:18)\n    at Promise._settlePromise0 (https://qauto2.forstudy.space/__cypress/runner/cypress_runner.js:1591:10)\n    at Promise._settlePromises (https://qauto2.forstudy.space/__cypress/runner/cypress_runner.js:1671:18)\n    at Promise._fulfill (https://qauto2.forstudy.space/__cypress/runner/cypress_runner.js:1615:18)\n    at <unknown> (https://qauto2.forstudy.space/__cypress/runner/cypress_runner.js:5420:46)\nFrom Your Spec Code:\n    at Object.proxyGetter [as get] (https://qauto2.forstudy.space/__cypress/runner/cypress_runner.js:80410:22)\n    at exists (https://qauto2.forstudy.space/__cypress/runner/cypress_runner.js:146526:26)\n    at elExists (https://qauto2.forstudy.space/__cypress/runner/cypress_runner.js:146541:10)\n    at ensureExistence (https://qauto2.forstudy.space/__cypress/runner/cypress_runner.js:146722:22)\n    at onFailFn (https://qauto2.forstudy.space/__cypress/runner/cypress_runner.js:146751:53)",
                "diff": null
              },
              "uuid": "d6d911e2-1d1a-4b5b-8efe-627a209c7dea",
              "parentUUID": "7e5256c3-2293-46a7-80b3-5d8ad8651cb9",
              "isHook": false,
              "skipped": false
            }
          ],
          "suites": [],
          "passes": [],
          "failures": [
            "d6d911e2-1d1a-4b5b-8efe-627a209c7dea"
          ],
          "pending": [],
          "skipped": [],
          "duration": 9033,
          "root": false,
          "rootEmpty": false,
          "_timeout": 2000
        }
      ],
      "passes": [],
      "failures": [],
      "pending": [],
      "skipped": [],
      "duration": 0,
      "root": true,
      "rootEmpty": true,
      "_timeout": 2000
    }
  ],
  "meta": {
    "mocha": {
      "version": "7.2.0"
    },
    "mochawesome": {
      "options": {
        "quiet": false,
        "reportFilename": "mochawesome",
        "saveHtml": true,
        "saveJson": true,
        "consoleReporter": "spec",
        "useInlineDiffs": false,
        "code": true
      },
      "version": "7.1.4"
    },
    "marge": {
      "options": {
        "reportDir": "cypress/reports",
        "overwrite": false,
        "html": true,
        "json": true
      },
      "version": "6.3.2"
    }
  }
}