{
  "stats": {
    "suites": 1,
    "tests": 5,
    "passes": 5,
    "pending": 0,
    "failures": 0,
    "start": "2026-03-22T11:27:15.087Z",
    "end": "2026-03-22T11:27:16.825Z",
    "duration": 1738,
    "testsRegistered": 5,
    "passPercent": 100,
    "pendingPercent": 0,
    "other": 0,
    "hasOther": false,
    "skipped": 0,
    "hasSkipped": false
  },
  "results": [
    {
      "uuid": "42a28d1d-e64a-4c64-b207-44add6877d64",
      "title": "",
      "fullFile": "cypress/e2e/2-advanced-examples/storage.cy.js",
      "file": "cypress/e2e/2-advanced-examples/storage.cy.js",
      "beforeHooks": [],
      "afterHooks": [],
      "tests": [],
      "suites": [
        {
          "uuid": "f6fee7cb-f7ef-461b-96ea-b980db4101db",
          "title": "Local Storage / Session Storage",
          "fullFile": "",
          "file": "",
          "beforeHooks": [],
          "afterHooks": [],
          "tests": [
            {
              "title": "cy.clearLocalStorage() - clear all data in localStorage for the current origin",
              "fullTitle": "Local Storage / Session Storage cy.clearLocalStorage() - clear all data in localStorage for the current origin",
              "timedOut": null,
              "duration": 440,
              "state": "passed",
              "speed": "fast",
              "pass": true,
              "fail": false,
              "pending": false,
              "context": null,
              "code": "// https://on.cypress.io/clearlocalstorage\ncy.get('.ls-btn').click();\ncy.get('.ls-btn').should(() => {\n  expect(localStorage.getItem('prop1')).to.eq('red');\n  expect(localStorage.getItem('prop2')).to.eq('blue');\n  expect(localStorage.getItem('prop3')).to.eq('magenta');\n});\ncy.clearLocalStorage();\ncy.getAllLocalStorage().should(() => {\n  expect(localStorage.getItem('prop1')).to.be.null;\n  expect(localStorage.getItem('prop2')).to.be.null;\n  expect(localStorage.getItem('prop3')).to.be.null;\n});\ncy.get('.ls-btn').click();\ncy.get('.ls-btn').should(() => {\n  expect(localStorage.getItem('prop1')).to.eq('red');\n  expect(localStorage.getItem('prop2')).to.eq('blue');\n  expect(localStorage.getItem('prop3')).to.eq('magenta');\n});\n// Clear key matching string in localStorage\ncy.clearLocalStorage('prop1');\ncy.getAllLocalStorage().should(() => {\n  expect(localStorage.getItem('prop1')).to.be.null;\n  expect(localStorage.getItem('prop2')).to.eq('blue');\n  expect(localStorage.getItem('prop3')).to.eq('magenta');\n});\ncy.get('.ls-btn').click();\ncy.get('.ls-btn').should(() => {\n  expect(localStorage.getItem('prop1')).to.eq('red');\n  expect(localStorage.getItem('prop2')).to.eq('blue');\n  expect(localStorage.getItem('prop3')).to.eq('magenta');\n});\n// Clear keys matching regex in localStorage\ncy.clearLocalStorage(/prop1|2/);\ncy.getAllLocalStorage().should(() => {\n  expect(localStorage.getItem('prop1')).to.be.null;\n  expect(localStorage.getItem('prop2')).to.be.null;\n  expect(localStorage.getItem('prop3')).to.eq('magenta');\n});",
              "err": {},
              "uuid": "2298e19f-891b-4b9b-afe2-e3b543a33ba4",
              "parentUUID": "f6fee7cb-f7ef-461b-96ea-b980db4101db",
              "isHook": false,
              "skipped": false
            },
            {
              "title": "cy.getAllLocalStorage() - get all data in localStorage for all origins",
              "fullTitle": "Local Storage / Session Storage cy.getAllLocalStorage() - get all data in localStorage for all origins",
              "timedOut": null,
              "duration": 161,
              "state": "passed",
              "speed": "fast",
              "pass": true,
              "fail": false,
              "pending": false,
              "context": null,
              "code": "// https://on.cypress.io/getalllocalstorage\ncy.get('.ls-btn').click();\n// getAllLocalStorage() yields a map of origins to localStorage values\ncy.getAllLocalStorage().should(storageMap => {\n  expect(storageMap).to.deep.equal({\n    // other origins will also be present if localStorage is set on them\n    'https://example.cypress.io': {\n      prop1: 'red',\n      prop2: 'blue',\n      prop3: 'magenta'\n    }\n  });\n});",
              "err": {},
              "uuid": "0063eeb6-2361-427e-b7d6-9bd674e1993b",
              "parentUUID": "f6fee7cb-f7ef-461b-96ea-b980db4101db",
              "isHook": false,
              "skipped": false
            },
            {
              "title": "cy.clearAllLocalStorage() - clear all data in localStorage for all origins",
              "fullTitle": "Local Storage / Session Storage cy.clearAllLocalStorage() - clear all data in localStorage for all origins",
              "timedOut": null,
              "duration": 157,
              "state": "passed",
              "speed": "fast",
              "pass": true,
              "fail": false,
              "pending": false,
              "context": null,
              "code": "// https://on.cypress.io/clearalllocalstorage\ncy.get('.ls-btn').click();\n// clearAllLocalStorage() yields null\ncy.clearAllLocalStorage();\ncy.getAllLocalStorage().should(() => {\n  expect(localStorage.getItem('prop1')).to.be.null;\n  expect(localStorage.getItem('prop2')).to.be.null;\n  expect(localStorage.getItem('prop3')).to.be.null;\n});",
              "err": {},
              "uuid": "5be954a3-8957-4b29-8a27-0ff00f6cb701",
              "parentUUID": "f6fee7cb-f7ef-461b-96ea-b980db4101db",
              "isHook": false,
              "skipped": false
            },
            {
              "title": "cy.getAllSessionStorage() - get all data in sessionStorage for all origins",
              "fullTitle": "Local Storage / Session Storage cy.getAllSessionStorage() - get all data in sessionStorage for all origins",
              "timedOut": null,
              "duration": 151,
              "state": "passed",
              "speed": "fast",
              "pass": true,
              "fail": false,
              "pending": false,
              "context": null,
              "code": "// https://on.cypress.io/getallsessionstorage\ncy.get('.ls-btn').click();\n// getAllSessionStorage() yields a map of origins to sessionStorage values\ncy.getAllSessionStorage().should(storageMap => {\n  expect(storageMap).to.deep.equal({\n    // other origins will also be present if sessionStorage is set on them\n    'https://example.cypress.io': {\n      prop4: 'cyan',\n      prop5: 'yellow',\n      prop6: 'black'\n    }\n  });\n});",
              "err": {},
              "uuid": "a533ecf8-c8d2-41b8-b5ca-d5bb8c1d2a0d",
              "parentUUID": "f6fee7cb-f7ef-461b-96ea-b980db4101db",
              "isHook": false,
              "skipped": false
            },
            {
              "title": "cy.clearAllSessionStorage() - clear all data in sessionStorage for all origins",
              "fullTitle": "Local Storage / Session Storage cy.clearAllSessionStorage() - clear all data in sessionStorage for all origins",
              "timedOut": null,
              "duration": 154,
              "state": "passed",
              "speed": "fast",
              "pass": true,
              "fail": false,
              "pending": false,
              "context": null,
              "code": "// https://on.cypress.io/clearallsessionstorage\ncy.get('.ls-btn').click();\n// clearAllSessionStorage() yields null\ncy.clearAllSessionStorage();\ncy.getAllSessionStorage().should(() => {\n  expect(sessionStorage.getItem('prop4')).to.be.null;\n  expect(sessionStorage.getItem('prop5')).to.be.null;\n  expect(sessionStorage.getItem('prop6')).to.be.null;\n});",
              "err": {},
              "uuid": "3f8a1f99-8a32-45ef-bcc2-0744f31520d1",
              "parentUUID": "f6fee7cb-f7ef-461b-96ea-b980db4101db",
              "isHook": false,
              "skipped": false
            }
          ],
          "suites": [],
          "passes": [
            "2298e19f-891b-4b9b-afe2-e3b543a33ba4",
            "0063eeb6-2361-427e-b7d6-9bd674e1993b",
            "5be954a3-8957-4b29-8a27-0ff00f6cb701",
            "a533ecf8-c8d2-41b8-b5ca-d5bb8c1d2a0d",
            "3f8a1f99-8a32-45ef-bcc2-0744f31520d1"
          ],
          "failures": [],
          "pending": [],
          "skipped": [],
          "duration": 1063,
          "root": false,
          "rootEmpty": false,
          "_timeout": 2000
        }
      ],
      "passes": [],
      "failures": [],
      "pending": [],
      "skipped": [],
      "duration": 0,
      "root": true,
      "rootEmpty": true,
      "_timeout": 2000
    }
  ],
  "meta": {
    "mocha": {
      "version": "7.2.0"
    },
    "mochawesome": {
      "options": {
        "quiet": false,
        "reportFilename": "mochawesome",
        "saveHtml": true,
        "saveJson": true,
        "consoleReporter": "spec",
        "useInlineDiffs": false,
        "code": true
      },
      "version": "7.1.4"
    },
    "marge": {
      "options": {
        "reportDir": "cypress/reports",
        "overwrite": false,
        "html": true,
        "json": true
      },
      "version": "6.3.2"
    }
  }
}