{
  "stats": {
    "suites": 1,
    "tests": 3,
    "passes": 3,
    "pending": 0,
    "failures": 0,
    "start": "2026-03-21T20:23:54.515Z",
    "end": "2026-03-21T20:23:58.029Z",
    "duration": 3514,
    "testsRegistered": 3,
    "passPercent": 100,
    "pendingPercent": 0,
    "other": 0,
    "hasOther": false,
    "skipped": 0,
    "hasSkipped": false
  },
  "results": [
    {
      "uuid": "0d9dff4e-274c-4b5f-bd37-eccf77779706",
      "title": "",
      "fullFile": "cypress/e2e/habriielian_header_footer.cy.js",
      "file": "cypress/e2e/habriielian_header_footer.cy.js",
      "beforeHooks": [],
      "afterHooks": [],
      "tests": [],
      "suites": [
        {
          "uuid": "3a6d7190-e205-4c89-9318-dc35eb6b94f0",
          "title": "Header and Footer elements",
          "fullFile": "",
          "file": "",
          "beforeHooks": [],
          "afterHooks": [],
          "tests": [
            {
              "title": "Finds Sign Up button and opens modal",
              "fullTitle": "Header and Footer elements Finds Sign Up button and opens modal",
              "timedOut": null,
              "duration": 1977,
              "state": "passed",
              "speed": "fast",
              "pass": true,
              "fail": false,
              "pending": false,
              "context": null,
              "code": "cy.contains('button', 'Sign up').should('be.visible').click();",
              "err": {},
              "uuid": "745e550f-4ddd-4d9f-a337-d243e14f8e53",
              "parentUUID": "3a6d7190-e205-4c89-9318-dc35eb6b94f0",
              "isHook": false,
              "skipped": false
            },
            {
              "title": "Checks Sign Up modal fields",
              "fullTitle": "Header and Footer elements Checks Sign Up modal fields",
              "timedOut": null,
              "duration": 562,
              "state": "passed",
              "speed": "fast",
              "pass": true,
              "fail": false,
              "pending": false,
              "context": null,
              "code": "cy.contains('button', 'Sign up').should('be.visible').click();\ncy.get('#signupName').should('be.visible');\ncy.get('#signupLastName').should('be.visible');\ncy.get('#signupEmail').should('be.visible');\ncy.get('#signupPassword').should('be.visible');\ncy.get('#signupRepeatPassword').should('be.visible');\ncy.contains('button', 'Register').should('be.visible');",
              "err": {},
              "uuid": "93ce360d-5ebf-4b87-a018-0e03945b6a16",
              "parentUUID": "3a6d7190-e205-4c89-9318-dc35eb6b94f0",
              "isHook": false,
              "skipped": false
            },
            {
              "title": "Finds all contact links",
              "fullTitle": "Header and Footer elements Finds all contact links",
              "timedOut": null,
              "duration": 355,
              "state": "passed",
              "speed": "fast",
              "pass": true,
              "fail": false,
              "pending": false,
              "context": null,
              "code": "cy.get('#contactsSection').scrollIntoView().within(() => {\n  cy.get('a[href=\"https://ithillel.ua\"]').should('be.visible');\n  cy.get('a[href=\"mailto:developer@ithillel.ua\"]').should('be.visible');\n  cy.get('a[href*=\"facebook\"]').should('be.visible');\n  cy.get('a[href*=\"t.me\"]').should('be.visible');\n  cy.get('a[href*=\"youtube\"]').should('be.visible');\n  cy.get('a[href*=\"instagram\"]').should('be.visible');\n  cy.get('a[href*=\"linkedin\"]').should('be.visible');\n});",
              "err": {},
              "uuid": "38b566e0-b948-454f-8c53-6d50668886cf",
              "parentUUID": "3a6d7190-e205-4c89-9318-dc35eb6b94f0",
              "isHook": false,
              "skipped": false
            }
          ],
          "suites": [],
          "passes": [
            "745e550f-4ddd-4d9f-a337-d243e14f8e53",
            "93ce360d-5ebf-4b87-a018-0e03945b6a16",
            "38b566e0-b948-454f-8c53-6d50668886cf"
          ],
          "failures": [],
          "pending": [],
          "skipped": [],
          "duration": 2894,
          "root": false,
          "rootEmpty": false,
          "_timeout": 2000
        }
      ],
      "passes": [],
      "failures": [],
      "pending": [],
      "skipped": [],
      "duration": 0,
      "root": true,
      "rootEmpty": true,
      "_timeout": 2000
    }
  ],
  "meta": {
    "mocha": {
      "version": "7.2.0"
    },
    "mochawesome": {
      "options": {
        "quiet": false,
        "reportFilename": "mochawesome",
        "saveHtml": true,
        "saveJson": true,
        "consoleReporter": "spec",
        "useInlineDiffs": false,
        "code": true
      },
      "version": "7.1.4"
    },
    "marge": {
      "options": {
        "reportDir": "cypress/reports",
        "overwrite": false,
        "html": true,
        "json": true
      },
      "version": "6.3.2"
    }
  }
}