{
  "stats": {
    "suites": 3,
    "tests": 3,
    "passes": 3,
    "pending": 0,
    "failures": 0,
    "start": "2026-03-21T20:24:09.547Z",
    "end": "2026-03-21T20:24:12.618Z",
    "duration": 3071,
    "testsRegistered": 3,
    "passPercent": 100,
    "pendingPercent": 0,
    "other": 0,
    "hasOther": false,
    "skipped": 0,
    "hasSkipped": false
  },
  "results": [
    {
      "uuid": "e0f4bc6d-ab44-481c-8353-1bcfa85e3f8e",
      "title": "",
      "fullFile": "cypress/e2e/habriielian_tests.cy.js",
      "file": "cypress/e2e/habriielian_tests.cy.js",
      "beforeHooks": [],
      "afterHooks": [],
      "tests": [],
      "suites": [
        {
          "uuid": "ab123285-04de-4741-b1da-372d5f7628e1",
          "title": "My first test",
          "fullFile": "",
          "file": "",
          "beforeHooks": [],
          "afterHooks": [],
          "tests": [
            {
              "title": "Visits example.com and checks the title",
              "fullTitle": "My first test Visits example.com and checks the title",
              "timedOut": null,
              "duration": 646,
              "state": "passed",
              "speed": "fast",
              "pass": true,
              "fail": false,
              "pending": false,
              "context": null,
              "code": "cy.visit('https://example.cypress.io');\ncy.contains('Kitchen Sink').should('be.visible');",
              "err": {},
              "uuid": "a8d2e930-cf72-43d7-8eb1-54c91896afd1",
              "parentUUID": "ab123285-04de-4741-b1da-372d5f7628e1",
              "isHook": false,
              "skipped": false
            }
          ],
          "suites": [],
          "passes": [
            "a8d2e930-cf72-43d7-8eb1-54c91896afd1"
          ],
          "failures": [],
          "pending": [],
          "skipped": [],
          "duration": 646,
          "root": false,
          "rootEmpty": false,
          "_timeout": 2000
        },
        {
          "uuid": "5350f3ba-a81f-43b5-9408-6db2323acb2d",
          "title": "Click test",
          "fullFile": "",
          "file": "",
          "beforeHooks": [],
          "afterHooks": [],
          "tests": [
            {
              "title": "Clicks on Utilities link",
              "fullTitle": "Click test Clicks on Utilities link",
              "timedOut": null,
              "duration": 719,
              "state": "passed",
              "speed": "fast",
              "pass": true,
              "fail": false,
              "pending": false,
              "context": null,
              "code": "cy.visit('https://example.cypress.io');\ncy.contains('Utilities').should('be.visible').click();\ncy.url().should('include', '/utilities');",
              "err": {},
              "uuid": "93afbb4b-45c2-477a-9cbe-92b586a8c954",
              "parentUUID": "5350f3ba-a81f-43b5-9408-6db2323acb2d",
              "isHook": false,
              "skipped": false
            }
          ],
          "suites": [],
          "passes": [
            "93afbb4b-45c2-477a-9cbe-92b586a8c954"
          ],
          "failures": [],
          "pending": [],
          "skipped": [],
          "duration": 719,
          "root": false,
          "rootEmpty": false,
          "_timeout": 2000
        },
        {
          "uuid": "4687b18a-3264-40f9-9e89-48ca8e03bbdb",
          "title": "Input test",
          "fullFile": "",
          "file": "",
          "beforeHooks": [],
          "afterHooks": [],
          "tests": [
            {
              "title": "Types text into input",
              "fullTitle": "Input test Types text into input",
              "timedOut": null,
              "duration": 615,
              "state": "passed",
              "speed": "fast",
              "pass": true,
              "fail": false,
              "pending": false,
              "context": null,
              "code": "cy.visit('https://example.cypress.io/commands/actions');\ncy.get('.action-email').type('test@email.com').should('have.value', 'test@email.com');",
              "err": {},
              "uuid": "3ef46e33-af2a-48bb-bd79-14e1804ca0c7",
              "parentUUID": "4687b18a-3264-40f9-9e89-48ca8e03bbdb",
              "isHook": false,
              "skipped": false
            }
          ],
          "suites": [],
          "passes": [
            "3ef46e33-af2a-48bb-bd79-14e1804ca0c7"
          ],
          "failures": [],
          "pending": [],
          "skipped": [],
          "duration": 615,
          "root": false,
          "rootEmpty": false,
          "_timeout": 2000
        }
      ],
      "passes": [],
      "failures": [],
      "pending": [],
      "skipped": [],
      "duration": 0,
      "root": true,
      "rootEmpty": true,
      "_timeout": 2000
    }
  ],
  "meta": {
    "mocha": {
      "version": "7.2.0"
    },
    "mochawesome": {
      "options": {
        "quiet": false,
        "reportFilename": "mochawesome",
        "saveHtml": true,
        "saveJson": true,
        "consoleReporter": "spec",
        "useInlineDiffs": false,
        "code": true
      },
      "version": "7.1.4"
    },
    "marge": {
      "options": {
        "reportDir": "cypress/reports",
        "overwrite": false,
        "html": true,
        "json": true
      },
      "version": "6.3.2"
    }
  }
}