{
  "stats": {
    "suites": 1,
    "tests": 5,
    "passes": 5,
    "pending": 0,
    "failures": 0,
    "start": "2026-03-22T11:29:09.042Z",
    "end": "2026-03-22T11:29:15.517Z",
    "duration": 6475,
    "testsRegistered": 5,
    "passPercent": 100,
    "pendingPercent": 0,
    "other": 0,
    "hasOther": false,
    "skipped": 0,
    "hasSkipped": false
  },
  "results": [
    {
      "uuid": "65006131-0ac6-44e5-959f-327cea202aec",
      "title": "",
      "fullFile": "cypress/e2e/habriielian_fields_validation.cy.js",
      "file": "cypress/e2e/habriielian_fields_validation.cy.js",
      "beforeHooks": [],
      "afterHooks": [],
      "tests": [],
      "suites": [
        {
          "uuid": "c7cd77a6-8d80-4391-8168-540e0402df28",
          "title": "Registration",
          "fullFile": "",
          "file": "",
          "beforeHooks": [],
          "afterHooks": [],
          "tests": [
            {
              "title": "should validate Name field",
              "fullTitle": "Registration should validate Name field",
              "timedOut": null,
              "duration": 1999,
              "state": "passed",
              "speed": "fast",
              "pass": true,
              "fail": false,
              "pending": false,
              "context": null,
              "code": "cy.get('#signupName').focus().blur();\ncy.contains('Name required').should('be.visible');\ncy.get('#signupName').type('123');\ncy.contains('Name is invalid').should('be.visible');\ncy.get('#signupName').clear().type('A');\ncy.contains('Name has to be from 2 to 20 characters long').should('be.visible');\ncy.get('#signupName').clear().type('A'.repeat(21));\ncy.contains('Name has to be from 2 to 20 characters long').should('be.visible');",
              "err": {},
              "uuid": "1b9d8aae-9bcb-4664-8399-126d3ddfe927",
              "parentUUID": "c7cd77a6-8d80-4391-8168-540e0402df28",
              "isHook": false,
              "skipped": false
            },
            {
              "title": "should validate Last Name field",
              "fullTitle": "Registration should validate Last Name field",
              "timedOut": null,
              "duration": 1134,
              "state": "passed",
              "speed": "fast",
              "pass": true,
              "fail": false,
              "pending": false,
              "context": null,
              "code": "cy.get('#signupLastName').focus().blur();\ncy.contains('Last name required').should('be.visible');\ncy.get('#signupLastName').type('123');\ncy.contains('Last name is invalid').should('be.visible');\ncy.get('#signupLastName').clear().type('A');\ncy.contains('Last name has to be from 2 to 20 characters long').should('be.visible');\ncy.get('#signupLastName').clear().type('A'.repeat(21));\ncy.contains('Last name has to be from 2 to 20 characters long').should('be.visible');",
              "err": {},
              "uuid": "90e503e2-1c88-4d8c-a240-2693487d471d",
              "parentUUID": "c7cd77a6-8d80-4391-8168-540e0402df28",
              "isHook": false,
              "skipped": false
            },
            {
              "title": "should validate Email field",
              "fullTitle": "Registration should validate Email field",
              "timedOut": null,
              "duration": 596,
              "state": "passed",
              "speed": "fast",
              "pass": true,
              "fail": false,
              "pending": false,
              "context": null,
              "code": "cy.get('#signupEmail').focus().blur();\ncy.contains('Email required').should('be.visible');\ncy.get('#signupEmail').type('wrongEmail');\ncy.contains('Email is incorrect').should('be.visible');",
              "err": {},
              "uuid": "bea6a2fa-9288-4b4e-aaec-74ca16a325e1",
              "parentUUID": "c7cd77a6-8d80-4391-8168-540e0402df28",
              "isHook": false,
              "skipped": false
            },
            {
              "title": "should validate Password field",
              "fullTitle": "Registration should validate Password field",
              "timedOut": null,
              "duration": 1062,
              "state": "passed",
              "speed": "fast",
              "pass": true,
              "fail": false,
              "pending": false,
              "context": null,
              "code": "cy.get('#signupPassword').focus().blur();\ncy.contains('Password required').should('be.visible');\ncy.get('#signupPassword').type('Pass1', {\n  sensitive: true\n});\ncy.contains('Password has to be from 8 to 15 characters long and contain at least one integer, one capital, and one small letter').should('be.visible');\ncy.get('#signupPassword').clear().type('password123', {\n  sensitive: true\n});\ncy.contains('Password has to be from 8 to 15 characters long and contain at least one integer, one capital, and one small letter').should('be.visible');\ncy.get('#signupPassword').clear().type('Password', {\n  sensitive: true\n});\ncy.contains('Password has to be from 8 to 15 characters long and contain at least one integer, one capital, and one small letter').should('be.visible');",
              "err": {},
              "uuid": "934eb4f8-c03f-43f5-bd3a-233eb4414c79",
              "parentUUID": "c7cd77a6-8d80-4391-8168-540e0402df28",
              "isHook": false,
              "skipped": false
            },
            {
              "title": "should validate Repeat Password field",
              "fullTitle": "Registration should validate Repeat Password field",
              "timedOut": null,
              "duration": 862,
              "state": "passed",
              "speed": "fast",
              "pass": true,
              "fail": false,
              "pending": false,
              "context": null,
              "code": "cy.get('#signupRepeatPassword').focus().blur();\ncy.contains('Re-enter password required').should('be.visible');\ncy.get('#signupPassword').type('Password123', {\n  sensitive: true\n});\ncy.get('#signupRepeatPassword').type('Password321', {\n  sensitive: true\n});\ncy.contains('Passwords do not match').should('be.visible');",
              "err": {},
              "uuid": "2cbbc86b-2446-4965-b583-13dc6a954aae",
              "parentUUID": "c7cd77a6-8d80-4391-8168-540e0402df28",
              "isHook": false,
              "skipped": false
            }
          ],
          "suites": [],
          "passes": [
            "1b9d8aae-9bcb-4664-8399-126d3ddfe927",
            "90e503e2-1c88-4d8c-a240-2693487d471d",
            "bea6a2fa-9288-4b4e-aaec-74ca16a325e1",
            "934eb4f8-c03f-43f5-bd3a-233eb4414c79",
            "2cbbc86b-2446-4965-b583-13dc6a954aae"
          ],
          "failures": [],
          "pending": [],
          "skipped": [],
          "duration": 5653,
          "root": false,
          "rootEmpty": false,
          "_timeout": 2000
        }
      ],
      "passes": [],
      "failures": [],
      "pending": [],
      "skipped": [],
      "duration": 0,
      "root": true,
      "rootEmpty": true,
      "_timeout": 2000
    }
  ],
  "meta": {
    "mocha": {
      "version": "7.2.0"
    },
    "mochawesome": {
      "options": {
        "quiet": false,
        "reportFilename": "mochawesome",
        "saveHtml": true,
        "saveJson": true,
        "consoleReporter": "spec",
        "useInlineDiffs": false,
        "code": true
      },
      "version": "7.1.4"
    },
    "marge": {
      "options": {
        "reportDir": "cypress/reports",
        "overwrite": false,
        "html": true,
        "json": true
      },
      "version": "6.3.2"
    }
  }
}